
[INFO ] 2025-06-11 11:40:54.604 scraper.listener.Listener 45 - Test Cases Started [Test worker]

[INFO ] 2025-06-11 11:40:54.636 scraper.listener.Listener 17 - testCase01 : Started [Test worker]

[TRACE] 2025-06-11 11:40:54.637 scraper.listener.Listener 18 - testCase01 : Description : Go to "https://www.scrapethissite.com/pages" website and click on "Hockey Teams: Forms, Searching and Pagination"
* 1. Iterate through the table and collect the Team Name, Year and Win % for
* the teams with Win % less than 40% (0.40)
* 2. Iterate through 4 pages of this data and store it in an ArrayList
* 3. Convert the ArrayList object to a JSON file named hockey-team-data.json.
* Each Hashmap object should contain:
* a. Epoch Time of Scrape
* b. Team Name
* c. Year
* d. Win % [Test worker]

[INFO ] 2025-06-11 11:41:11.927 scraper.listener.Listener 26 - testCase01 Passed and Ended [Test worker]

[INFO ] 2025-06-11 11:41:11.931 scraper.listener.Listener 17 - testCase02 : Started [Test worker]

[TRACE] 2025-06-11 11:41:11.931 scraper.listener.Listener 18 - testCase02 : Description : Go to "https://www.scrapethissite.com/pages" website and click on "Oscar Winning Films"
* 1. Click on each year present on the screen and find the top 5 movies on the
* list - store in an ArrayList.
* 2. Keep a Boolean variable "isWinner" which will be true only for the best
* picture winner of that year.
* 3. Keep a variable to maintain the year from which the data is scraped
* 4. Convert the ArrayList object to a JSON file named oscar-winner-data.json.
* Each HashMap object should contain:
* a. Epoch Time of Scrape
* b. Year
* c. Title
* d. Nomination
* e. Awards
* f. isWinner
* 5. Store the file in the output folder in the root directory. Assert using
* TestNG that the file is present and not empty [Test worker]

[INFO ] 2025-06-11 11:41:32.102 scraper.listener.Listener 26 - testCase02 Passed and Ended [Test worker]

[INFO ] 2025-06-11 11:41:32.102 scraper.listener.Listener 50 - Test Cases Ended [Test worker]
